Started GET "/" for ::1 at 2020-03-08 18:13:01 +0900
Processing by MessagesController#index as HTML
  Rendering messages/index.html.haml within layouts/application
  Rendered messages/index.html.haml within layouts/application (5.3ms)
Completed 200 OK in 741ms (Views: 730.9ms | ActiveRecord: 0.0ms)


Started GET "/" for ::1 at 2020-03-08 18:33:15 +0900
Processing by MessagesController#index as HTML
  Rendering messages/index.html.haml within layouts/application
  Rendered messages/_side_bar.html.haml (2.8ms)
  Rendered messages/_main_chat.html.haml (2.3ms)
  Rendered messages/index.html.haml within layouts/application (21.5ms)
Completed 500 Internal Server Error in 96ms (ActiveRecord: 0.0ms)


  
ActionView::Template::Error (Invalid CSS after "* YUI ": expected selector, was "3.5.0 - reset.c..."):
    4:     %meta{:content => "text/html; charset=UTF-8", "http-equiv" => "Content-Type"}/
    5:     %title ChatSpace
    6:     = csrf_meta_tags
    7:     = stylesheet_link_tag    'application', media: 'all', 'data-turbolinks-track': 'reload'
    8:     = javascript_include_tag 'application', 'data-turbolinks-track': 'reload'
    9:   %body
   10:     = yield
  
app/assets/stylesheets/_reset.scss:1
app/assets/stylesheets/application.scss:1
app/views/layouts/application.html.haml:7:in `_app_views_layouts_application_html_haml__534134527876403812_70275212598180'
  Rendering /Users/tech-camp/.rbenv/versions/2.5.1/lib/ruby/gems/2.5.0/gems/actionpack-5.0.7.2/lib/action_dispatch/middleware/templates/rescues/template_error.html.erb within rescues/layout
  Rendering /Users/tech-camp/.rbenv/versions/2.5.1/lib/ruby/gems/2.5.0/gems/actionpack-5.0.7.2/lib/action_dispatch/middleware/templates/rescues/_source.html.erb
  Rendered /Users/tech-camp/.rbenv/versions/2.5.1/lib/ruby/gems/2.5.0/gems/actionpack-5.0.7.2/lib/action_dispatch/middleware/templates/rescues/_source.html.erb (6.2ms)
  Rendering /Users/tech-camp/.rbenv/versions/2.5.1/lib/ruby/gems/2.5.0/gems/actionpack-5.0.7.2/lib/action_dispatch/middleware/templates/rescues/_trace.html.erb
  Rendered /Users/tech-camp/.rbenv/versions/2.5.1/lib/ruby/gems/2.5.0/gems/actionpack-5.0.7.2/lib/action_dispatch/middleware/templates/rescues/_trace.html.erb (2.0ms)
  Rendering /Users/tech-camp/.rbenv/versions/2.5.1/lib/ruby/gems/2.5.0/gems/actionpack-5.0.7.2/lib/action_dispatch/middleware/templates/rescues/_request_and_response.html.erb
  Rendered /Users/tech-camp/.rbenv/versions/2.5.1/lib/ruby/gems/2.5.0/gems/actionpack-5.0.7.2/lib/action_dispatch/middleware/templates/rescues/_request_and_response.html.erb (1.0ms)
  Rendered /Users/tech-camp/.rbenv/versions/2.5.1/lib/ruby/gems/2.5.0/gems/actionpack-5.0.7.2/lib/action_dispatch/middleware/templates/rescues/template_error.html.erb within rescues/layout (100.1ms)
Started GET "/" for ::1 at 2020-03-08 18:33:26 +0900
Processing by MessagesController#index as HTML
  Rendering messages/index.html.haml within layouts/application
  Rendered messages/_side_bar.html.haml (2.5ms)
  Rendered messages/_main_chat.html.haml (2.5ms)
  Rendered messages/index.html.haml within layouts/application (20.5ms)
Completed 500 Internal Server Error in 63ms (ActiveRecord: 0.0ms)


  
ActionView::Template::Error (Invalid CSS after "* YUI ": expected selector, was "3.5.0 - reset.c..."):
    4:     %meta{:content => "text/html; charset=UTF-8", "http-equiv" => "Content-Type"}/
    5:     %title ChatSpace
    6:     = csrf_meta_tags
    7:     = stylesheet_link_tag    'application', media: 'all', 'data-turbolinks-track': 'reload'
    8:     = javascript_include_tag 'application', 'data-turbolinks-track': 'reload'
    9:   %body
   10:     = yield
  
app/assets/stylesheets/_reset.scss:1
app/assets/stylesheets/application.scss:1
app/views/layouts/application.html.haml:7:in `_app_views_layouts_application_html_haml__534134527876403812_70275170270000'
  Rendering /Users/tech-camp/.rbenv/versions/2.5.1/lib/ruby/gems/2.5.0/gems/actionpack-5.0.7.2/lib/action_dispatch/middleware/templates/rescues/template_error.html.erb within rescues/layout
  Rendering /Users/tech-camp/.rbenv/versions/2.5.1/lib/ruby/gems/2.5.0/gems/actionpack-5.0.7.2/lib/action_dispatch/middleware/templates/rescues/_source.html.erb
  Rendered /Users/tech-camp/.rbenv/versions/2.5.1/lib/ruby/gems/2.5.0/gems/actionpack-5.0.7.2/lib/action_dispatch/middleware/templates/rescues/_source.html.erb (5.7ms)
  Rendering /Users/tech-camp/.rbenv/versions/2.5.1/lib/ruby/gems/2.5.0/gems/actionpack-5.0.7.2/lib/action_dispatch/middleware/templates/rescues/_trace.html.erb
  Rendered /Users/tech-camp/.rbenv/versions/2.5.1/lib/ruby/gems/2.5.0/gems/actionpack-5.0.7.2/lib/action_dispatch/middleware/templates/rescues/_trace.html.erb (2.1ms)
  Rendering /Users/tech-camp/.rbenv/versions/2.5.1/lib/ruby/gems/2.5.0/gems/actionpack-5.0.7.2/lib/action_dispatch/middleware/templates/rescues/_request_and_response.html.erb
  Rendered /Users/tech-camp/.rbenv/versions/2.5.1/lib/ruby/gems/2.5.0/gems/actionpack-5.0.7.2/lib/action_dispatch/middleware/templates/rescues/_request_and_response.html.erb (0.8ms)
  Rendered /Users/tech-camp/.rbenv/versions/2.5.1/lib/ruby/gems/2.5.0/gems/actionpack-5.0.7.2/lib/action_dispatch/middleware/templates/rescues/template_error.html.erb within rescues/layout (90.3ms)
Started GET "/" for ::1 at 2020-03-08 18:34:31 +0900
Processing by MessagesController#index as HTML
  Rendering messages/index.html.haml within layouts/application
  Rendered messages/_side_bar.html.haml (1.7ms)
  Rendered messages/_main_chat.html.haml (2.0ms)
  Rendered messages/index.html.haml within layouts/application (11.1ms)
Completed 500 Internal Server Error in 38ms (ActiveRecord: 0.0ms)


  
ActionView::Template::Error (Invalid CSS after "* YUI ": expected selector, was "3.5.0 - reset.c..."):
    4:     %meta{:content => "text/html; charset=UTF-8", "http-equiv" => "Content-Type"}/
    5:     %title ChatSpace
    6:     = csrf_meta_tags
    7:     = stylesheet_link_tag    'application', media: 'all', 'data-turbolinks-track': 'reload'
    8:     = javascript_include_tag 'application', 'data-turbolinks-track': 'reload'
    9:   %body
   10:     = yield
  
app/assets/stylesheets/_reset.scss:1
app/assets/stylesheets/application.scss:1
app/views/layouts/application.html.haml:7:in `_app_views_layouts_application_html_haml__534134527876403812_70275193778100'
  Rendering /Users/tech-camp/.rbenv/versions/2.5.1/lib/ruby/gems/2.5.0/gems/actionpack-5.0.7.2/lib/action_dispatch/middleware/templates/rescues/template_error.html.erb within rescues/layout
  Rendering /Users/tech-camp/.rbenv/versions/2.5.1/lib/ruby/gems/2.5.0/gems/actionpack-5.0.7.2/lib/action_dispatch/middleware/templates/rescues/_source.html.erb
  Rendered /Users/tech-camp/.rbenv/versions/2.5.1/lib/ruby/gems/2.5.0/gems/actionpack-5.0.7.2/lib/action_dispatch/middleware/templates/rescues/_source.html.erb (7.3ms)
  Rendering /Users/tech-camp/.rbenv/versions/2.5.1/lib/ruby/gems/2.5.0/gems/actionpack-5.0.7.2/lib/action_dispatch/middleware/templates/rescues/_trace.html.erb
  Rendered /Users/tech-camp/.rbenv/versions/2.5.1/lib/ruby/gems/2.5.0/gems/actionpack-5.0.7.2/lib/action_dispatch/middleware/templates/rescues/_trace.html.erb (1.8ms)
  Rendering /Users/tech-camp/.rbenv/versions/2.5.1/lib/ruby/gems/2.5.0/gems/actionpack-5.0.7.2/lib/action_dispatch/middleware/templates/rescues/_request_and_response.html.erb
  Rendered /Users/tech-camp/.rbenv/versions/2.5.1/lib/ruby/gems/2.5.0/gems/actionpack-5.0.7.2/lib/action_dispatch/middleware/templates/rescues/_request_and_response.html.erb (1.0ms)
  Rendered /Users/tech-camp/.rbenv/versions/2.5.1/lib/ruby/gems/2.5.0/gems/actionpack-5.0.7.2/lib/action_dispatch/middleware/templates/rescues/template_error.html.erb within rescues/layout (91.3ms)
Started GET "/" for ::1 at 2020-03-08 18:36:33 +0900
Processing by MessagesController#index as HTML
  Rendering messages/index.html.haml within layouts/application
  Rendered messages/_side_bar.html.haml (2.1ms)
  Rendered messages/_main_chat.html.haml (2.5ms)
  Rendered messages/index.html.haml within layouts/application (12.2ms)
Completed 500 Internal Server Error in 53ms (ActiveRecord: 0.0ms)


  
ActionView::Template::Error (Invalid CSS after "* YUI ": expected selector, was "3.5.0 - reset.s..."):
    4:     %meta{:content => "text/html; charset=UTF-8", "http-equiv" => "Content-Type"}/
    5:     %title ChatSpace
    6:     = csrf_meta_tags
    7:     = stylesheet_link_tag    'application', media: 'all', 'data-turbolinks-track': 'reload'
    8:     = javascript_include_tag 'application', 'data-turbolinks-track': 'reload'
    9:   %body
   10:     = yield
  
app/assets/stylesheets/_reset.scss:1
app/assets/stylesheets/application.scss:1
app/views/layouts/application.html.haml:7:in `_app_views_layouts_application_html_haml__534134527876403812_70275169917140'
  Rendering /Users/tech-camp/.rbenv/versions/2.5.1/lib/ruby/gems/2.5.0/gems/actionpack-5.0.7.2/lib/action_dispatch/middleware/templates/rescues/template_error.html.erb within rescues/layout
  Rendering /Users/tech-camp/.rbenv/versions/2.5.1/lib/ruby/gems/2.5.0/gems/actionpack-5.0.7.2/lib/action_dispatch/middleware/templates/rescues/_source.html.erb
  Rendered /Users/tech-camp/.rbenv/versions/2.5.1/lib/ruby/gems/2.5.0/gems/actionpack-5.0.7.2/lib/action_dispatch/middleware/templates/rescues/_source.html.erb (5.8ms)
  Rendering /Users/tech-camp/.rbenv/versions/2.5.1/lib/ruby/gems/2.5.0/gems/actionpack-5.0.7.2/lib/action_dispatch/middleware/templates/rescues/_trace.html.erb
  Rendered /Users/tech-camp/.rbenv/versions/2.5.1/lib/ruby/gems/2.5.0/gems/actionpack-5.0.7.2/lib/action_dispatch/middleware/templates/rescues/_trace.html.erb (1.9ms)
  Rendering /Users/tech-camp/.rbenv/versions/2.5.1/lib/ruby/gems/2.5.0/gems/actionpack-5.0.7.2/lib/action_dispatch/middleware/templates/rescues/_request_and_response.html.erb
  Rendered /Users/tech-camp/.rbenv/versions/2.5.1/lib/ruby/gems/2.5.0/gems/actionpack-5.0.7.2/lib/action_dispatch/middleware/templates/rescues/_request_and_response.html.erb (1.1ms)
  Rendered /Users/tech-camp/.rbenv/versions/2.5.1/lib/ruby/gems/2.5.0/gems/actionpack-5.0.7.2/lib/action_dispatch/middleware/templates/rescues/template_error.html.erb within rescues/layout (89.8ms)
Started GET "/" for ::1 at 2020-03-08 18:37:15 +0900
Processing by MessagesController#index as HTML
  Rendering messages/index.html.haml within layouts/application
  Rendered messages/_side_bar.html.haml (1.8ms)
  Rendered messages/_main_chat.html.haml (2.1ms)
  Rendered messages/index.html.haml within layouts/application (11.5ms)
Completed 500 Internal Server Error in 43ms (ActiveRecord: 0.0ms)


  
ActionView::Template::Error (Invalid CSS after "* YUI ": expected selector, was "3.5.0 - reset.s..."):
    4:     %meta{:content => "text/html; charset=UTF-8", "http-equiv" => "Content-Type"}/
    5:     %title ChatSpace
    6:     = csrf_meta_tags
    7:     = stylesheet_link_tag    'application', media: 'all', 'data-turbolinks-track': 'reload'
    8:     = javascript_include_tag 'application', 'data-turbolinks-track': 'reload'
    9:   %body
   10:     = yield
  
app/assets/stylesheets/_reset.scss:1
app/assets/stylesheets/application.scss:1
app/views/layouts/application.html.haml:7:in `_app_views_layouts_application_html_haml__534134527876403812_70275209615540'
  Rendering /Users/tech-camp/.rbenv/versions/2.5.1/lib/ruby/gems/2.5.0/gems/actionpack-5.0.7.2/lib/action_dispatch/middleware/templates/rescues/template_error.html.erb within rescues/layout
  Rendering /Users/tech-camp/.rbenv/versions/2.5.1/lib/ruby/gems/2.5.0/gems/actionpack-5.0.7.2/lib/action_dispatch/middleware/templates/rescues/_source.html.erb
  Rendered /Users/tech-camp/.rbenv/versions/2.5.1/lib/ruby/gems/2.5.0/gems/actionpack-5.0.7.2/lib/action_dispatch/middleware/templates/rescues/_source.html.erb (5.3ms)
  Rendering /Users/tech-camp/.rbenv/versions/2.5.1/lib/ruby/gems/2.5.0/gems/actionpack-5.0.7.2/lib/action_dispatch/middleware/templates/rescues/_trace.html.erb
  Rendered /Users/tech-camp/.rbenv/versions/2.5.1/lib/ruby/gems/2.5.0/gems/actionpack-5.0.7.2/lib/action_dispatch/middleware/templates/rescues/_trace.html.erb (2.2ms)
  Rendering /Users/tech-camp/.rbenv/versions/2.5.1/lib/ruby/gems/2.5.0/gems/actionpack-5.0.7.2/lib/action_dispatch/middleware/templates/rescues/_request_and_response.html.erb
  Rendered /Users/tech-camp/.rbenv/versions/2.5.1/lib/ruby/gems/2.5.0/gems/actionpack-5.0.7.2/lib/action_dispatch/middleware/templates/rescues/_request_and_response.html.erb (0.7ms)
  Rendered /Users/tech-camp/.rbenv/versions/2.5.1/lib/ruby/gems/2.5.0/gems/actionpack-5.0.7.2/lib/action_dispatch/middleware/templates/rescues/template_error.html.erb within rescues/layout (90.6ms)
Started GET "/" for ::1 at 2020-03-08 18:37:23 +0900
Processing by MessagesController#index as HTML
  Rendering messages/index.html.haml within layouts/application
  Rendered messages/_side_bar.html.haml (2.7ms)
  Rendered messages/_main_chat.html.haml (2.2ms)
  Rendered messages/index.html.haml within layouts/application (12.7ms)
Completed 500 Internal Server Error in 56ms (ActiveRecord: 0.0ms)


  
ActionView::Template::Error (Invalid CSS after "* YUI ": expected selector, was "3.5.0 - reset.c..."):
    4:     %meta{:content => "text/html; charset=UTF-8", "http-equiv" => "Content-Type"}/
    5:     %title ChatSpace
    6:     = csrf_meta_tags
    7:     = stylesheet_link_tag    'application', media: 'all', 'data-turbolinks-track': 'reload'
    8:     = javascript_include_tag 'application', 'data-turbolinks-track': 'reload'
    9:   %body
   10:     = yield
  
app/assets/stylesheets/_reset.scss:1
app/assets/stylesheets/application.scss:1
app/views/layouts/application.html.haml:7:in `_app_views_layouts_application_html_haml__534134527876403812_70275178732440'
  Rendering /Users/tech-camp/.rbenv/versions/2.5.1/lib/ruby/gems/2.5.0/gems/actionpack-5.0.7.2/lib/action_dispatch/middleware/templates/rescues/template_error.html.erb within rescues/layout
  Rendering /Users/tech-camp/.rbenv/versions/2.5.1/lib/ruby/gems/2.5.0/gems/actionpack-5.0.7.2/lib/action_dispatch/middleware/templates/rescues/_source.html.erb
  Rendered /Users/tech-camp/.rbenv/versions/2.5.1/lib/ruby/gems/2.5.0/gems/actionpack-5.0.7.2/lib/action_dispatch/middleware/templates/rescues/_source.html.erb (5.9ms)
  Rendering /Users/tech-camp/.rbenv/versions/2.5.1/lib/ruby/gems/2.5.0/gems/actionpack-5.0.7.2/lib/action_dispatch/middleware/templates/rescues/_trace.html.erb
  Rendered /Users/tech-camp/.rbenv/versions/2.5.1/lib/ruby/gems/2.5.0/gems/actionpack-5.0.7.2/lib/action_dispatch/middleware/templates/rescues/_trace.html.erb (2.2ms)
  Rendering /Users/tech-camp/.rbenv/versions/2.5.1/lib/ruby/gems/2.5.0/gems/actionpack-5.0.7.2/lib/action_dispatch/middleware/templates/rescues/_request_and_response.html.erb
  Rendered /Users/tech-camp/.rbenv/versions/2.5.1/lib/ruby/gems/2.5.0/gems/actionpack-5.0.7.2/lib/action_dispatch/middleware/templates/rescues/_request_and_response.html.erb (1.0ms)
  Rendered /Users/tech-camp/.rbenv/versions/2.5.1/lib/ruby/gems/2.5.0/gems/actionpack-5.0.7.2/lib/action_dispatch/middleware/templates/rescues/template_error.html.erb within rescues/layout (90.9ms)
Started GET "/" for ::1 at 2020-03-08 18:37:26 +0900
Processing by MessagesController#index as HTML
  Rendering messages/index.html.haml within layouts/application
  Rendered messages/_side_bar.html.haml (1.4ms)
  Rendered messages/_main_chat.html.haml (1.7ms)
  Rendered messages/index.html.haml within layouts/application (9.3ms)
Completed 500 Internal Server Error in 31ms (ActiveRecord: 0.0ms)


  
ActionView::Template::Error (Invalid CSS after "* YUI ": expected selector, was "3.5.0 - reset.c..."):
    4:     %meta{:content => "text/html; charset=UTF-8", "http-equiv" => "Content-Type"}/
    5:     %title ChatSpace
    6:     = csrf_meta_tags
    7:     = stylesheet_link_tag    'application', media: 'all', 'data-turbolinks-track': 'reload'
    8:     = javascript_include_tag 'application', 'data-turbolinks-track': 'reload'
    9:   %body
   10:     = yield
  
app/assets/stylesheets/_reset.scss:1
app/assets/stylesheets/application.scss:1
app/views/layouts/application.html.haml:7:in `_app_views_layouts_application_html_haml__534134527876403812_70275208299900'
  Rendering /Users/tech-camp/.rbenv/versions/2.5.1/lib/ruby/gems/2.5.0/gems/actionpack-5.0.7.2/lib/action_dispatch/middleware/templates/rescues/template_error.html.erb within rescues/layout
  Rendering /Users/tech-camp/.rbenv/versions/2.5.1/lib/ruby/gems/2.5.0/gems/actionpack-5.0.7.2/lib/action_dispatch/middleware/templates/rescues/_source.html.erb
  Rendered /Users/tech-camp/.rbenv/versions/2.5.1/lib/ruby/gems/2.5.0/gems/actionpack-5.0.7.2/lib/action_dispatch/middleware/templates/rescues/_source.html.erb (4.7ms)
  Rendering /Users/tech-camp/.rbenv/versions/2.5.1/lib/ruby/gems/2.5.0/gems/actionpack-5.0.7.2/lib/action_dispatch/middleware/templates/rescues/_trace.html.erb
  Rendered /Users/tech-camp/.rbenv/versions/2.5.1/lib/ruby/gems/2.5.0/gems/actionpack-5.0.7.2/lib/action_dispatch/middleware/templates/rescues/_trace.html.erb (1.8ms)
  Rendering /Users/tech-camp/.rbenv/versions/2.5.1/lib/ruby/gems/2.5.0/gems/actionpack-5.0.7.2/lib/action_dispatch/middleware/templates/rescues/_request_and_response.html.erb
  Rendered /Users/tech-camp/.rbenv/versions/2.5.1/lib/ruby/gems/2.5.0/gems/actionpack-5.0.7.2/lib/action_dispatch/middleware/templates/rescues/_request_and_response.html.erb (0.7ms)
  Rendered /Users/tech-camp/.rbenv/versions/2.5.1/lib/ruby/gems/2.5.0/gems/actionpack-5.0.7.2/lib/action_dispatch/middleware/templates/rescues/template_error.html.erb within rescues/layout (85.2ms)
Started GET "/" for ::1 at 2020-03-08 18:40:19 +0900
Processing by MessagesController#index as HTML
  Rendering messages/index.html.haml within layouts/application
  Rendered messages/_side_bar.html.haml (1.8ms)
  Rendered messages/_main_chat.html.haml (2.2ms)
  Rendered messages/index.html.haml within layouts/application (13.8ms)
Completed 500 Internal Server Error in 98ms (ActiveRecord: 0.0ms)


  
ActionView::Template::Error (File to import not found or unreadable: font-awesome-sprockets.
Load paths:
  /Users/tech-camp/projects/chat-space/app/assets/config
  /Users/tech-camp/projects/chat-space/app/assets/images
  /Users/tech-camp/projects/chat-space/app/assets/javascripts
  /Users/tech-camp/projects/chat-space/app/assets/stylesheets
  /Users/tech-camp/projects/chat-space/vendor/assets/javascripts
  /Users/tech-camp/projects/chat-space/vendor/assets/stylesheets
  /Users/tech-camp/.rbenv/versions/2.5.1/lib/ruby/gems/2.5.0/gems/jquery-rails-4.3.5/vendor/assets/javascripts
  /Users/tech-camp/.rbenv/versions/2.5.1/lib/ruby/gems/2.5.0/gems/coffee-rails-4.2.2/lib/assets/javascripts
  /Users/tech-camp/.rbenv/versions/2.5.1/lib/ruby/gems/2.5.0/gems/actioncable-5.0.7.2/lib/assets/compiled
  /Users/tech-camp/.rbenv/versions/2.5.1/lib/ruby/gems/2.5.0/gems/turbolinks-source-5.2.0/lib/assets/javascripts):
    4:     %meta{:content => "text/html; charset=UTF-8", "http-equiv" => "Content-Type"}/
    5:     %title ChatSpace
    6:     = csrf_meta_tags
    7:     = stylesheet_link_tag    'application', media: 'all', 'data-turbolinks-track': 'reload'
    8:     = javascript_include_tag 'application', 'data-turbolinks-track': 'reload'
    9:   %body
   10:     = yield
  
app/assets/stylesheets/application.scss:3
app/views/layouts/application.html.haml:7:in `_app_views_layouts_application_html_haml__534134527876403812_70275212221840'
  Rendering /Users/tech-camp/.rbenv/versions/2.5.1/lib/ruby/gems/2.5.0/gems/actionpack-5.0.7.2/lib/action_dispatch/middleware/templates/rescues/template_error.html.erb within rescues/layout
  Rendering /Users/tech-camp/.rbenv/versions/2.5.1/lib/ruby/gems/2.5.0/gems/actionpack-5.0.7.2/lib/action_dispatch/middleware/templates/rescues/_source.html.erb
  Rendered /Users/tech-camp/.rbenv/versions/2.5.1/lib/ruby/gems/2.5.0/gems/actionpack-5.0.7.2/lib/action_dispatch/middleware/templates/rescues/_source.html.erb (6.0ms)
  Rendering /Users/tech-camp/.rbenv/versions/2.5.1/lib/ruby/gems/2.5.0/gems/actionpack-5.0.7.2/lib/action_dispatch/middleware/templates/rescues/_trace.html.erb
  Rendered /Users/tech-camp/.rbenv/versions/2.5.1/lib/ruby/gems/2.5.0/gems/actionpack-5.0.7.2/lib/action_dispatch/middleware/templates/rescues/_trace.html.erb (1.8ms)
  Rendering /Users/tech-camp/.rbenv/versions/2.5.1/lib/ruby/gems/2.5.0/gems/actionpack-5.0.7.2/lib/action_dispatch/middleware/templates/rescues/_request_and_response.html.erb
  Rendered /Users/tech-camp/.rbenv/versions/2.5.1/lib/ruby/gems/2.5.0/gems/actionpack-5.0.7.2/lib/action_dispatch/middleware/templates/rescues/_request_and_response.html.erb (0.8ms)
  Rendered /Users/tech-camp/.rbenv/versions/2.5.1/lib/ruby/gems/2.5.0/gems/actionpack-5.0.7.2/lib/action_dispatch/middleware/templates/rescues/template_error.html.erb within rescues/layout (99.1ms)
Started GET "/" for ::1 at 2020-03-08 18:50:34 +0900
Processing by MessagesController#index as HTML
  Rendering messages/index.html.haml within layouts/application
  Rendered messages/_side_bar.html.haml (1.8ms)
  Rendered messages/_main_chat.html.haml (2.0ms)
  Rendered messages/index.html.haml within layouts/application (24.4ms)
Completed 200 OK in 3114ms (Views: 3102.2ms | ActiveRecord: 0.0ms)


Started GET "/" for ::1 at 2020-03-11 15:55:12 +0900
Processing by MessagesController#index as HTML
  Rendering messages/index.html.haml within layouts/application
  Rendered messages/_side_bar.html.haml (3.6ms)
  Rendered messages/_main_chat.html.haml (2.0ms)
  Rendered messages/index.html.haml within layouts/application (25.9ms)
Completed 200 OK in 620ms (Views: 606.8ms | ActiveRecord: 0.0ms)


Started GET "/" for ::1 at 2020-03-11 18:51:06 +0900
Processing by MessagesController#index as HTML
  Rendering messages/index.html.haml within layouts/application
  Rendered messages/_side_bar.html.haml (10.1ms)
  Rendered messages/_main_chat.html.haml (4.2ms)
  Rendered messages/index.html.haml within layouts/application (46.0ms)
Completed 200 OK in 145ms (Views: 133.9ms | ActiveRecord: 0.0ms)


Started GET "/" for ::1 at 2020-03-11 18:51:22 +0900
Processing by MessagesController#index as HTML
  Rendering messages/index.html.haml within layouts/application
  Rendered messages/_side_bar.html.haml (6.9ms)
  Rendered messages/_main_chat.html.haml (7.1ms)
  Rendered messages/index.html.haml within layouts/application (24.0ms)
Completed 200 OK in 169ms (Views: 164.9ms | ActiveRecord: 0.0ms)


Started GET "/" for ::1 at 2020-03-11 19:21:56 +0900
Processing by MessagesController#index as HTML
  Rendering messages/index.html.haml within layouts/application
  Rendered messages/_side_bar.html.haml (7.2ms)
  Rendered messages/_main_chat.html.haml (2.8ms)
  Rendered messages/index.html.haml within layouts/application (28.2ms)
Completed 200 OK in 222ms (Views: 211.5ms | ActiveRecord: 0.0ms)


Started GET "/" for ::1 at 2020-03-11 19:21:58 +0900
Processing by MessagesController#index as HTML
  Rendering messages/index.html.haml within layouts/application
  Rendered messages/_side_bar.html.haml (6.2ms)
  Rendered messages/_main_chat.html.haml (5.9ms)
  Rendered messages/index.html.haml within layouts/application (22.2ms)
Completed 200 OK in 87ms (Views: 84.2ms | ActiveRecord: 0.0ms)


Started GET "/" for ::1 at 2020-03-11 19:23:18 +0900
Processing by MessagesController#index as HTML
  Rendering messages/index.html.haml within layouts/application
  Rendered messages/_side_bar.html.haml (4.0ms)
  Rendered messages/_main_chat.html.haml (2.2ms)
  Rendered messages/index.html.haml within layouts/application (14.2ms)
Completed 500 Internal Server Error in 61ms (ActiveRecord: 0.0ms)


  
ActionView::Template::Error (Invalid CSS after "@import "side_bar"": expected selector or at-rule, was "@import "main_c..."):
    4:     %meta{:content => "text/html; charset=UTF-8", "http-equiv" => "Content-Type"}/
    5:     %title ChatSpace
    6:     = csrf_meta_tags
    7:     = stylesheet_link_tag    'application', media: 'all', 'data-turbolinks-track': 'reload'
    8:     = javascript_include_tag 'application', 'data-turbolinks-track': 'reload'
    9:   %body
   10:     = yield
  
app/assets/stylesheets/application.scss:4
app/views/layouts/application.html.haml:7:in `_app_views_layouts_application_html_haml___540002544799714175_70193055591340'
  Rendering /Users/tech-camp/.rbenv/versions/2.5.1/lib/ruby/gems/2.5.0/gems/actionpack-5.0.7.2/lib/action_dispatch/middleware/templates/rescues/template_error.html.erb within rescues/layout
  Rendering /Users/tech-camp/.rbenv/versions/2.5.1/lib/ruby/gems/2.5.0/gems/actionpack-5.0.7.2/lib/action_dispatch/middleware/templates/rescues/_source.html.erb
  Rendered /Users/tech-camp/.rbenv/versions/2.5.1/lib/ruby/gems/2.5.0/gems/actionpack-5.0.7.2/lib/action_dispatch/middleware/templates/rescues/_source.html.erb (4.4ms)
  Rendering /Users/tech-camp/.rbenv/versions/2.5.1/lib/ruby/gems/2.5.0/gems/actionpack-5.0.7.2/lib/action_dispatch/middleware/templates/rescues/_trace.html.erb
  Rendered /Users/tech-camp/.rbenv/versions/2.5.1/lib/ruby/gems/2.5.0/gems/actionpack-5.0.7.2/lib/action_dispatch/middleware/templates/rescues/_trace.html.erb (1.9ms)
  Rendering /Users/tech-camp/.rbenv/versions/2.5.1/lib/ruby/gems/2.5.0/gems/actionpack-5.0.7.2/lib/action_dispatch/middleware/templates/rescues/_request_and_response.html.erb
  Rendered /Users/tech-camp/.rbenv/versions/2.5.1/lib/ruby/gems/2.5.0/gems/actionpack-5.0.7.2/lib/action_dispatch/middleware/templates/rescues/_request_and_response.html.erb (0.8ms)
  Rendered /Users/tech-camp/.rbenv/versions/2.5.1/lib/ruby/gems/2.5.0/gems/actionpack-5.0.7.2/lib/action_dispatch/middleware/templates/rescues/template_error.html.erb within rescues/layout (112.1ms)
Started GET "/" for ::1 at 2020-03-11 19:23:19 +0900
Processing by MessagesController#index as HTML
  Rendering messages/index.html.haml within layouts/application
  Rendered messages/_side_bar.html.haml (1.9ms)
  Rendered messages/_main_chat.html.haml (2.2ms)
  Rendered messages/index.html.haml within layouts/application (9.8ms)
Completed 500 Internal Server Error in 26ms (ActiveRecord: 0.0ms)


  
ActionView::Template::Error (Invalid CSS after "@import "side_bar"": expected selector or at-rule, was "@import "main_c..."):
    4:     %meta{:content => "text/html; charset=UTF-8", "http-equiv" => "Content-Type"}/
    5:     %title ChatSpace
    6:     = csrf_meta_tags
    7:     = stylesheet_link_tag    'application', media: 'all', 'data-turbolinks-track': 'reload'
    8:     = javascript_include_tag 'application', 'data-turbolinks-track': 'reload'
    9:   %body
   10:     = yield
  
app/assets/stylesheets/application.scss:4
app/views/layouts/application.html.haml:7:in `_app_views_layouts_application_html_haml___540002544799714175_70193052661080'
  Rendering /Users/tech-camp/.rbenv/versions/2.5.1/lib/ruby/gems/2.5.0/gems/actionpack-5.0.7.2/lib/action_dispatch/middleware/templates/rescues/template_error.html.erb within rescues/layout
  Rendering /Users/tech-camp/.rbenv/versions/2.5.1/lib/ruby/gems/2.5.0/gems/actionpack-5.0.7.2/lib/action_dispatch/middleware/templates/rescues/_source.html.erb
  Rendered /Users/tech-camp/.rbenv/versions/2.5.1/lib/ruby/gems/2.5.0/gems/actionpack-5.0.7.2/lib/action_dispatch/middleware/templates/rescues/_source.html.erb (3.6ms)
  Rendering /Users/tech-camp/.rbenv/versions/2.5.1/lib/ruby/gems/2.5.0/gems/actionpack-5.0.7.2/lib/action_dispatch/middleware/templates/rescues/_trace.html.erb
  Rendered /Users/tech-camp/.rbenv/versions/2.5.1/lib/ruby/gems/2.5.0/gems/actionpack-5.0.7.2/lib/action_dispatch/middleware/templates/rescues/_trace.html.erb (2.0ms)
  Rendering /Users/tech-camp/.rbenv/versions/2.5.1/lib/ruby/gems/2.5.0/gems/actionpack-5.0.7.2/lib/action_dispatch/middleware/templates/rescues/_request_and_response.html.erb
  Rendered /Users/tech-camp/.rbenv/versions/2.5.1/lib/ruby/gems/2.5.0/gems/actionpack-5.0.7.2/lib/action_dispatch/middleware/templates/rescues/_request_and_response.html.erb (0.8ms)
  Rendered /Users/tech-camp/.rbenv/versions/2.5.1/lib/ruby/gems/2.5.0/gems/actionpack-5.0.7.2/lib/action_dispatch/middleware/templates/rescues/template_error.html.erb within rescues/layout (82.6ms)
Started GET "/" for ::1 at 2020-03-11 19:23:45 +0900
Processing by MessagesController#index as HTML
  Rendering messages/index.html.haml within layouts/application
  Rendered messages/_side_bar.html.haml (2.3ms)
  Rendered messages/_main_chat.html.haml (1.9ms)
  Rendered messages/index.html.haml within layouts/application (13.2ms)
Completed 500 Internal Server Error in 37ms (ActiveRecord: 0.0ms)


  
ActionView::Template::Error (Invalid CSS after "@import "side-bar"": expected selector or at-rule, was "@import "main-c..."):
    4:     %meta{:content => "text/html; charset=UTF-8", "http-equiv" => "Content-Type"}/
    5:     %title ChatSpace
    6:     = csrf_meta_tags
    7:     = stylesheet_link_tag    'application', media: 'all', 'data-turbolinks-track': 'reload'
    8:     = javascript_include_tag 'application', 'data-turbolinks-track': 'reload'
    9:   %body
   10:     = yield
  
app/assets/stylesheets/application.scss:4
app/views/layouts/application.html.haml:7:in `_app_views_layouts_application_html_haml___540002544799714175_70193062431900'
  Rendering /Users/tech-camp/.rbenv/versions/2.5.1/lib/ruby/gems/2.5.0/gems/actionpack-5.0.7.2/lib/action_dispatch/middleware/templates/rescues/template_error.html.erb within rescues/layout
  Rendering /Users/tech-camp/.rbenv/versions/2.5.1/lib/ruby/gems/2.5.0/gems/actionpack-5.0.7.2/lib/action_dispatch/middleware/templates/rescues/_source.html.erb
  Rendered /Users/tech-camp/.rbenv/versions/2.5.1/lib/ruby/gems/2.5.0/gems/actionpack-5.0.7.2/lib/action_dispatch/middleware/templates/rescues/_source.html.erb (4.5ms)
  Rendering /Users/tech-camp/.rbenv/versions/2.5.1/lib/ruby/gems/2.5.0/gems/actionpack-5.0.7.2/lib/action_dispatch/middleware/templates/rescues/_trace.html.erb
  Rendered /Users/tech-camp/.rbenv/versions/2.5.1/lib/ruby/gems/2.5.0/gems/actionpack-5.0.7.2/lib/action_dispatch/middleware/templates/rescues/_trace.html.erb (2.3ms)
  Rendering /Users/tech-camp/.rbenv/versions/2.5.1/lib/ruby/gems/2.5.0/gems/actionpack-5.0.7.2/lib/action_dispatch/middleware/templates/rescues/_request_and_response.html.erb
  Rendered /Users/tech-camp/.rbenv/versions/2.5.1/lib/ruby/gems/2.5.0/gems/actionpack-5.0.7.2/lib/action_dispatch/middleware/templates/rescues/_request_and_response.html.erb (0.8ms)
  Rendered /Users/tech-camp/.rbenv/versions/2.5.1/lib/ruby/gems/2.5.0/gems/actionpack-5.0.7.2/lib/action_dispatch/middleware/templates/rescues/template_error.html.erb within rescues/layout (89.4ms)
Started GET "/" for ::1 at 2020-03-11 19:24:11 +0900
Processing by MessagesController#index as HTML
  Rendering messages/index.html.haml within layouts/application
  Rendered messages/_side_bar.html.haml (3.1ms)
  Rendered messages/_main_chat.html.haml (2.0ms)
  Rendered messages/index.html.haml within layouts/application (13.2ms)
Completed 500 Internal Server Error in 86ms (ActiveRecord: 0.0ms)


  
ActionView::Template::Error (File to import not found or unreadable: side-bar.
Load paths:
  /Users/tech-camp/projects/chat-space/app/assets/config
  /Users/tech-camp/projects/chat-space/app/assets/images
  /Users/tech-camp/projects/chat-space/app/assets/javascripts
  /Users/tech-camp/projects/chat-space/app/assets/stylesheets
  /Users/tech-camp/projects/chat-space/vendor/assets/javascripts
  /Users/tech-camp/projects/chat-space/vendor/assets/stylesheets
  /Users/tech-camp/.rbenv/versions/2.5.1/lib/ruby/gems/2.5.0/gems/jquery-rails-4.3.5/vendor/assets/javascripts
  /Users/tech-camp/.rbenv/versions/2.5.1/lib/ruby/gems/2.5.0/gems/coffee-rails-4.2.2/lib/assets/javascripts
  /Users/tech-camp/.rbenv/versions/2.5.1/lib/ruby/gems/2.5.0/gems/actioncable-5.0.7.2/lib/assets/compiled
  /Users/tech-camp/.rbenv/versions/2.5.1/lib/ruby/gems/2.5.0/gems/turbolinks-source-5.2.0/lib/assets/javascripts
  /Users/tech-camp/.rbenv/versions/2.5.1/lib/ruby/gems/2.5.0/gems/font-awesome-sass-5.12.0/assets/stylesheets
  /Users/tech-camp/.rbenv/versions/2.5.1/lib/ruby/gems/2.5.0/gems/font-awesome-sass-5.12.0/assets/fonts):
    4:     %meta{:content => "text/html; charset=UTF-8", "http-equiv" => "Content-Type"}/
    5:     %title ChatSpace
    6:     = csrf_meta_tags
    7:     = stylesheet_link_tag    'application', media: 'all', 'data-turbolinks-track': 'reload'
    8:     = javascript_include_tag 'application', 'data-turbolinks-track': 'reload'
    9:   %body
   10:     = yield
  
app/assets/stylesheets/application.scss:3
app/views/layouts/application.html.haml:7:in `_app_views_layouts_application_html_haml___540002544799714175_70193096956860'
  Rendering /Users/tech-camp/.rbenv/versions/2.5.1/lib/ruby/gems/2.5.0/gems/actionpack-5.0.7.2/lib/action_dispatch/middleware/templates/rescues/template_error.html.erb within rescues/layout
  Rendering /Users/tech-camp/.rbenv/versions/2.5.1/lib/ruby/gems/2.5.0/gems/actionpack-5.0.7.2/lib/action_dispatch/middleware/templates/rescues/_source.html.erb
  Rendered /Users/tech-camp/.rbenv/versions/2.5.1/lib/ruby/gems/2.5.0/gems/actionpack-5.0.7.2/lib/action_dispatch/middleware/templates/rescues/_source.html.erb (4.8ms)
  Rendering /Users/tech-camp/.rbenv/versions/2.5.1/lib/ruby/gems/2.5.0/gems/actionpack-5.0.7.2/lib/action_dispatch/middleware/templates/rescues/_trace.html.erb
  Rendered /Users/tech-camp/.rbenv/versions/2.5.1/lib/ruby/gems/2.5.0/gems/actionpack-5.0.7.2/lib/action_dispatch/middleware/templates/rescues/_trace.html.erb (2.2ms)
  Rendering /Users/tech-camp/.rbenv/versions/2.5.1/lib/ruby/gems/2.5.0/gems/actionpack-5.0.7.2/lib/action_dispatch/middleware/templates/rescues/_request_and_response.html.erb
  Rendered /Users/tech-camp/.rbenv/versions/2.5.1/lib/ruby/gems/2.5.0/gems/actionpack-5.0.7.2/lib/action_dispatch/middleware/templates/rescues/_request_and_response.html.erb (0.7ms)
  Rendered /Users/tech-camp/.rbenv/versions/2.5.1/lib/ruby/gems/2.5.0/gems/actionpack-5.0.7.2/lib/action_dispatch/middleware/templates/rescues/template_error.html.erb within rescues/layout (98.3ms)
Started GET "/" for ::1 at 2020-03-11 19:24:25 +0900
Processing by MessagesController#index as HTML
  Rendering messages/index.html.haml within layouts/application
  Rendered messages/_side_bar.html.haml (2.2ms)
  Rendered messages/_main_chat.html.haml (2.4ms)
  Rendered messages/index.html.haml within layouts/application (12.4ms)
Completed 200 OK in 1122ms (Views: 1118.9ms | ActiveRecord: 0.0ms)


Started GET "/" for ::1 at 2020-03-11 19:41:57 +0900
Processing by MessagesController#index as HTML
  Rendering messages/index.html.haml within layouts/application
  Rendered messages/_side_bar.html.haml (6.0ms)
  Rendered messages/_main_chat.html.haml (6.1ms)
  Rendered messages/index.html.haml within layouts/application (33.0ms)
Completed 200 OK in 1334ms (Views: 1323.1ms | ActiveRecord: 0.0ms)


Started GET "/" for ::1 at 2020-03-12 14:06:20 +0900
Processing by MessagesController#index as HTML
  Rendering messages/index.html.haml within layouts/application
  Rendered messages/_side_bar.html.haml (9.1ms)
  Rendered messages/_main_chat.html.haml (10.1ms)
  Rendered messages/index.html.haml within layouts/application (68.9ms)
Completed 200 OK in 1588ms (Views: 1560.7ms | ActiveRecord: 0.0ms)


Started GET "/" for ::1 at 2020-03-12 14:06:31 +0900
Processing by MessagesController#index as HTML
  Rendering messages/index.html.haml within layouts/application
  Rendered messages/_side_bar.html.haml (1.6ms)
  Rendered messages/_main_chat.html.haml (2.6ms)
  Rendered messages/index.html.haml within layouts/application (12.1ms)
Completed 200 OK in 61ms (Views: 57.2ms | ActiveRecord: 0.0ms)


Started GET "/" for ::1 at 2020-03-12 14:06:32 +0900
Processing by MessagesController#index as HTML
  Rendering messages/index.html.haml within layouts/application
  Rendered messages/_side_bar.html.haml (1.7ms)
  Rendered messages/_main_chat.html.haml (4.1ms)
  Rendered messages/index.html.haml within layouts/application (11.9ms)
Completed 200 OK in 48ms (Views: 45.3ms | ActiveRecord: 0.0ms)


Started GET "/" for ::1 at 2020-03-12 14:06:32 +0900
Processing by MessagesController#index as HTML
  Rendering messages/index.html.haml within layouts/application
  Rendered messages/_side_bar.html.haml (2.3ms)
  Rendered messages/_main_chat.html.haml (2.9ms)
  Rendered messages/index.html.haml within layouts/application (14.8ms)
Completed 200 OK in 59ms (Views: 54.1ms | ActiveRecord: 0.0ms)


Started GET "/" for ::1 at 2020-03-12 14:06:33 +0900
Processing by MessagesController#index as HTML
  Rendering messages/index.html.haml within layouts/application
  Rendered messages/_side_bar.html.haml (1.8ms)
  Rendered messages/_main_chat.html.haml (2.0ms)
  Rendered messages/index.html.haml within layouts/application (11.7ms)
Completed 200 OK in 46ms (Views: 42.3ms | ActiveRecord: 0.0ms)


Started GET "/" for ::1 at 2020-03-12 14:06:33 +0900
Processing by MessagesController#index as HTML
  Rendering messages/index.html.haml within layouts/application
  Rendered messages/_side_bar.html.haml (2.3ms)
  Rendered messages/_main_chat.html.haml (1.9ms)
  Rendered messages/index.html.haml within layouts/application (11.7ms)
Completed 200 OK in 61ms (Views: 59.2ms | ActiveRecord: 0.0ms)


Started GET "/" for ::1 at 2020-03-12 14:06:33 +0900
Processing by MessagesController#index as HTML
  Rendering messages/index.html.haml within layouts/application
  Rendered messages/_side_bar.html.haml (1.5ms)
  Rendered messages/_main_chat.html.haml (3.3ms)
  Rendered messages/index.html.haml within layouts/application (13.5ms)
Completed 200 OK in 57ms (Views: 53.4ms | ActiveRecord: 0.0ms)


Started GET "/" for ::1 at 2020-03-12 14:06:34 +0900
Processing by MessagesController#index as HTML
  Rendering messages/index.html.haml within layouts/application
  Rendered messages/_side_bar.html.haml (2.3ms)
  Rendered messages/_main_chat.html.haml (2.4ms)
  Rendered messages/index.html.haml within layouts/application (13.5ms)
Completed 200 OK in 46ms (Views: 43.5ms | ActiveRecord: 0.0ms)


Started GET "/" for ::1 at 2020-03-12 14:06:34 +0900
Processing by MessagesController#index as HTML
  Rendering messages/index.html.haml within layouts/application
  Rendered messages/_side_bar.html.haml (2.4ms)
  Rendered messages/_main_chat.html.haml (2.2ms)
  Rendered messages/index.html.haml within layouts/application (11.8ms)
Completed 200 OK in 48ms (Views: 45.6ms | ActiveRecord: 0.0ms)


Started GET "/" for ::1 at 2020-03-12 14:06:34 +0900
Processing by MessagesController#index as HTML
  Rendering messages/index.html.haml within layouts/application
  Rendered messages/_side_bar.html.haml (3.5ms)
  Rendered messages/_main_chat.html.haml (2.5ms)
  Rendered messages/index.html.haml within layouts/application (12.9ms)
Completed 200 OK in 49ms (Views: 46.3ms | ActiveRecord: 0.0ms)


Started GET "/" for ::1 at 2020-03-12 14:06:34 +0900
Processing by MessagesController#index as HTML
  Rendering messages/index.html.haml within layouts/application
  Rendered messages/_side_bar.html.haml (1.6ms)
  Rendered messages/_main_chat.html.haml (3.5ms)
  Rendered messages/index.html.haml within layouts/application (11.7ms)
Completed 200 OK in 48ms (Views: 44.6ms | ActiveRecord: 0.0ms)


Started GET "/" for ::1 at 2020-03-12 14:07:10 +0900
Processing by MessagesController#index as HTML
  Rendering messages/index.html.haml within layouts/application
  Rendered messages/_side_bar.html.haml (1.7ms)
  Rendered messages/_main_chat.html.haml (2.1ms)
  Rendered messages/index.html.haml within layouts/application (13.4ms)
Completed 200 OK in 1083ms (Views: 1078.8ms | ActiveRecord: 0.0ms)


Started GET "/" for ::1 at 2020-03-12 14:07:37 +0900
Processing by MessagesController#index as HTML
  Rendering messages/index.html.haml within layouts/application
  Rendered messages/_side_bar.html.haml (1.7ms)
  Rendered messages/_main_chat.html.haml (6.1ms)
  Rendered messages/index.html.haml within layouts/application (14.9ms)
Completed 200 OK in 57ms (Views: 53.7ms | ActiveRecord: 0.0ms)


Started GET "/" for ::1 at 2020-03-12 14:07:38 +0900
Processing by MessagesController#index as HTML
  Rendering messages/index.html.haml within layouts/application
  Rendered messages/_side_bar.html.haml (1.6ms)
  Rendered messages/_main_chat.html.haml (1.8ms)
  Rendered messages/index.html.haml within layouts/application (11.4ms)
Completed 200 OK in 49ms (Views: 46.0ms | ActiveRecord: 0.0ms)


Started GET "/" for ::1 at 2020-03-12 14:13:11 +0900
Processing by MessagesController#index as HTML
  Rendering messages/index.html.haml within layouts/application
  Rendered messages/_side_bar.html.haml (7.7ms)
  Rendered messages/_main_chat.html.haml (4.8ms)
  Rendered messages/index.html.haml within layouts/application (30.1ms)
Completed 200 OK in 1134ms (Views: 1123.7ms | ActiveRecord: 0.0ms)


Started GET "/" for ::1 at 2020-03-12 14:17:46 +0900
Processing by MessagesController#index as HTML
  Rendering messages/index.html.haml within layouts/application
  Rendered messages/_side_bar.html.haml (2.8ms)
  Rendered messages/_main_chat.html.haml (1.8ms)
  Rendered messages/index.html.haml within layouts/application (12.4ms)
Completed 200 OK in 76ms (Views: 71.8ms | ActiveRecord: 0.0ms)


Started GET "/" for ::1 at 2020-03-12 14:18:25 +0900
Processing by MessagesController#index as HTML
  Rendering messages/index.html.haml within layouts/application
  Rendered messages/_side_bar.html.haml (3.1ms)
  Rendered messages/_main_chat.html.haml (2.3ms)
  Rendered messages/index.html.haml within layouts/application (13.7ms)
Completed 200 OK in 78ms (Views: 74.2ms | ActiveRecord: 0.0ms)


Started GET "/" for ::1 at 2020-03-12 14:18:27 +0900
Processing by MessagesController#index as HTML
  Rendering messages/index.html.haml within layouts/application
  Rendered messages/_side_bar.html.haml (3.5ms)
  Rendered messages/_main_chat.html.haml (2.6ms)
  Rendered messages/index.html.haml within layouts/application (15.4ms)
Completed 200 OK in 73ms (Views: 69.6ms | ActiveRecord: 0.0ms)


Started GET "/" for ::1 at 2020-03-12 14:18:28 +0900
Processing by MessagesController#index as HTML
  Rendering messages/index.html.haml within layouts/application
  Rendered messages/_side_bar.html.haml (3.1ms)
  Rendered messages/_main_chat.html.haml (1.9ms)
  Rendered messages/index.html.haml within layouts/application (12.9ms)
Completed 200 OK in 47ms (Views: 44.5ms | ActiveRecord: 0.0ms)


Started GET "/" for ::1 at 2020-03-12 14:18:33 +0900
Processing by MessagesController#index as HTML
  Rendering messages/index.html.haml within layouts/application
  Rendered messages/_side_bar.html.haml (2.4ms)
  Rendered messages/_main_chat.html.haml (2.1ms)
  Rendered messages/index.html.haml within layouts/application (11.5ms)
Completed 200 OK in 45ms (Views: 41.7ms | ActiveRecord: 0.0ms)


Started GET "/" for ::1 at 2020-03-12 14:18:44 +0900
Processing by MessagesController#index as HTML
  Rendering messages/index.html.haml within layouts/application
  Rendered messages/_side_bar.html.haml (1.9ms)
  Rendered messages/_main_chat.html.haml (2.7ms)
  Rendered messages/index.html.haml within layouts/application (11.4ms)
Completed 200 OK in 48ms (Views: 44.3ms | ActiveRecord: 0.0ms)


Started GET "/" for ::1 at 2020-03-12 14:18:46 +0900
Processing by MessagesController#index as HTML
  Rendering messages/index.html.haml within layouts/application
  Rendered messages/_side_bar.html.haml (3.9ms)
  Rendered messages/_main_chat.html.haml (2.0ms)
  Rendered messages/index.html.haml within layouts/application (12.1ms)
Completed 200 OK in 48ms (Views: 44.8ms | ActiveRecord: 0.0ms)


Started GET "/" for ::1 at 2020-03-12 14:19:14 +0900
Processing by MessagesController#index as HTML
  Rendering messages/index.html.haml within layouts/application
  Rendered messages/_side_bar.html.haml (2.1ms)
  Rendered messages/_main_chat.html.haml (1.7ms)
  Rendered messages/index.html.haml within layouts/application (10.5ms)
Completed 200 OK in 54ms (Views: 50.4ms | ActiveRecord: 0.0ms)


Started GET "/" for ::1 at 2020-03-12 14:19:35 +0900
Processing by MessagesController#index as HTML
  Rendering messages/index.html.haml within layouts/application
  Rendered messages/_side_bar.html.haml (2.6ms)
  Rendered messages/_main_chat.html.haml (2.0ms)
  Rendered messages/index.html.haml within layouts/application (13.1ms)
Completed 200 OK in 61ms (Views: 57.6ms | ActiveRecord: 0.0ms)


Started GET "/" for ::1 at 2020-03-12 14:21:11 +0900
Processing by MessagesController#index as HTML
  Rendering messages/index.html.haml within layouts/application
  Rendered messages/_side_bar.html.haml (2.2ms)
  Rendered messages/_main_chat.html.haml (2.3ms)
  Rendered messages/index.html.haml within layouts/application (12.1ms)
Completed 200 OK in 1217ms (Views: 1211.4ms | ActiveRecord: 0.0ms)


Started GET "/" for ::1 at 2020-03-12 14:21:56 +0900
Processing by MessagesController#index as HTML
  Rendering messages/index.html.haml within layouts/application
  Rendered messages/_side_bar.html.haml (2.1ms)
  Rendered messages/_main_chat.html.haml (2.2ms)
  Rendered messages/index.html.haml within layouts/application (23.1ms)
Completed 200 OK in 654ms (Views: 603.0ms | ActiveRecord: 0.0ms)


Started GET "/" for ::1 at 2020-03-12 14:24:33 +0900
Processing by MessagesController#index as HTML
  Rendering messages/index.html.haml within layouts/application
  Rendered messages/_side_bar.html.haml (1.9ms)
  Rendered messages/_main_chat.html.haml (2.0ms)
  Rendered messages/index.html.haml within layouts/application (23.5ms)
Completed 200 OK in 536ms (Views: 524.7ms | ActiveRecord: 0.0ms)


Started GET "/" for ::1 at 2020-03-12 14:52:49 +0900
Processing by MessagesController#index as HTML
  Rendering messages/index.html.haml within layouts/application
  Rendered messages/_side_bar.html.haml (3.7ms)
  Rendered messages/_main_chat.html.haml (3.1ms)
  Rendered messages/index.html.haml within layouts/application (23.5ms)
Completed 200 OK in 1184ms (Views: 1174.4ms | ActiveRecord: 0.0ms)


Started GET "/" for ::1 at 2020-03-12 14:53:23 +0900
Processing by MessagesController#index as HTML
  Rendering messages/index.html.haml within layouts/application
  Rendered messages/_side_bar.html.haml (2.3ms)
  Rendered messages/_main_chat.html.haml (2.2ms)
  Rendered messages/index.html.haml within layouts/application (13.3ms)
Completed 200 OK in 52ms (Views: 49.3ms | ActiveRecord: 0.0ms)


Started GET "/" for ::1 at 2020-03-12 16:06:56 +0900
Processing by MessagesController#index as HTML
  Rendering messages/index.html.haml within layouts/application
  Rendered messages/_side_bar.html.haml (6.2ms)
  Rendered messages/_main_chat.html.haml (3.8ms)
  Rendered messages/index.html.haml within layouts/application (30.0ms)
Completed 200 OK in 1351ms (Views: 1340.0ms | ActiveRecord: 0.0ms)


Started GET "/" for ::1 at 2020-03-12 16:06:57 +0900
Processing by MessagesController#index as HTML
  Rendering messages/index.html.haml within layouts/application
  Rendered messages/_side_bar.html.haml (2.8ms)
  Rendered messages/_main_chat.html.haml (1.9ms)
  Rendered messages/index.html.haml within layouts/application (10.7ms)
Completed 200 OK in 47ms (Views: 43.7ms | ActiveRecord: 0.0ms)


Started GET "/" for ::1 at 2020-03-12 16:58:02 +0900
Processing by MessagesController#index as HTML
  Rendering messages/index.html.haml within layouts/application
  Rendered messages/_side_bar.html.haml (7.4ms)
  Rendered messages/_main_chat.html.haml (4.3ms)
  Rendered messages/index.html.haml within layouts/application (30.3ms)
Completed 200 OK in 1399ms (Views: 1387.9ms | ActiveRecord: 0.0ms)


Started GET "/" for ::1 at 2020-03-12 17:03:19 +0900
Processing by MessagesController#index as HTML
  Rendering messages/index.html.haml within layouts/application
  Rendered messages/_side_bar.html.haml (3.0ms)
  Rendered messages/_main_chat.html.haml (2.1ms)
  Rendered messages/index.html.haml within layouts/application (14.0ms)
Completed 200 OK in 1175ms (Views: 1171.7ms | ActiveRecord: 0.0ms)


Started GET "/" for ::1 at 2020-03-12 17:04:19 +0900
Processing by MessagesController#index as HTML
  Rendering messages/index.html.haml within layouts/application
  Rendered messages/_side_bar.html.haml (4.2ms)
  Rendered messages/_main_chat.html.haml (2.5ms)
  Rendered messages/index.html.haml within layouts/application (15.4ms)
Completed 200 OK in 1162ms (Views: 1157.8ms | ActiveRecord: 0.0ms)


Started GET "/" for ::1 at 2020-03-12 17:04:56 +0900
Processing by MessagesController#index as HTML
  Rendering messages/index.html.haml within layouts/application
  Rendered messages/_side_bar.html.haml (4.7ms)
  Rendered messages/_main_chat.html.haml (2.4ms)
  Rendered messages/index.html.haml within layouts/application (15.4ms)
Completed 200 OK in 1062ms (Views: 1058.2ms | ActiveRecord: 0.0ms)


Started GET "/" for ::1 at 2020-03-12 19:21:16 +0900
Processing by MessagesController#index as HTML
  Rendering messages/index.html.haml within layouts/application
  Rendered messages/_side_bar.html.haml (8.1ms)
  Rendered messages/_main_chat.html.haml (5.7ms)
  Rendered messages/index.html.haml within layouts/application (35.3ms)
Completed 200 OK in 1702ms (Views: 1691.4ms | ActiveRecord: 0.0ms)


Started GET "/" for ::1 at 2020-03-12 19:42:06 +0900
Processing by MessagesController#index as HTML
  Rendering messages/index.html.haml within layouts/application
  Rendered messages/_side_bar.html.haml (7.9ms)
  Rendered messages/_main_chat.html.haml (6.5ms)
  Rendered messages/index.html.haml within layouts/application (52.2ms)
Completed 200 OK in 1502ms (Views: 1477.1ms | ActiveRecord: 0.0ms)


Started GET "/" for ::1 at 2020-03-12 19:46:19 +0900
Processing by MessagesController#index as HTML
  Rendering messages/index.html.haml within layouts/application
  Rendered messages/_side_bar.html.haml (7.4ms)
  Rendered messages/_main_chat.html.haml (5.3ms)
  Rendered messages/index.html.haml within layouts/application (35.2ms)
Completed 200 OK in 1366ms (Views: 1354.2ms | ActiveRecord: 0.0ms)


Started GET "/" for ::1 at 2020-03-12 20:55:23 +0900
Processing by MessagesController#index as HTML
  Rendering messages/index.html.haml within layouts/application
  Rendered messages/_side_bar.html.haml (7.4ms)
  Rendered messages/_main_chat.html.haml (7.7ms)
  Rendered messages/index.html.haml within layouts/application (39.4ms)
Completed 200 OK in 1394ms (Views: 1382.1ms | ActiveRecord: 0.0ms)


Started GET "/" for ::1 at 2020-03-12 21:05:02 +0900
Processing by MessagesController#index as HTML
  Rendering messages/index.html.haml within layouts/application
  Rendered messages/_side_bar.html.haml (108.4ms)
  Rendered messages/index.html.haml within layouts/application (126.2ms)
Completed 500 Internal Server Error in 151ms (ActiveRecord: 0.0ms)


  
ActionView::Template::Error (The line was indented 2 levels deeper than the previous line.):
    1: .side-bar
    2: 
    3:   .side-bar__user-name
    4:       .side-bar__user-name__top-items
    5:         .side-bar__user-name__top-items__name
    6:         .side-bar__user-name__top-items__icons
    7: 
  
app/views/messages/_side_bar.html.haml:4
app/views/messages/index.html.haml:2:in `_app_views_messages_index_html_haml___1936640017393941194_70131936019100'
  Rendering /Users/tech-camp/.rbenv/versions/2.5.1/lib/ruby/gems/2.5.0/gems/actionpack-5.0.7.2/lib/action_dispatch/middleware/templates/rescues/template_error.html.erb within rescues/layout
  Rendering /Users/tech-camp/.rbenv/versions/2.5.1/lib/ruby/gems/2.5.0/gems/actionpack-5.0.7.2/lib/action_dispatch/middleware/templates/rescues/_source.html.erb
  Rendered /Users/tech-camp/.rbenv/versions/2.5.1/lib/ruby/gems/2.5.0/gems/actionpack-5.0.7.2/lib/action_dispatch/middleware/templates/rescues/_source.html.erb (9.9ms)
  Rendering /Users/tech-camp/.rbenv/versions/2.5.1/lib/ruby/gems/2.5.0/gems/actionpack-5.0.7.2/lib/action_dispatch/middleware/templates/rescues/_trace.html.erb
  Rendered /Users/tech-camp/.rbenv/versions/2.5.1/lib/ruby/gems/2.5.0/gems/actionpack-5.0.7.2/lib/action_dispatch/middleware/templates/rescues/_trace.html.erb (5.3ms)
  Rendering /Users/tech-camp/.rbenv/versions/2.5.1/lib/ruby/gems/2.5.0/gems/actionpack-5.0.7.2/lib/action_dispatch/middleware/templates/rescues/_request_and_response.html.erb
  Rendered /Users/tech-camp/.rbenv/versions/2.5.1/lib/ruby/gems/2.5.0/gems/actionpack-5.0.7.2/lib/action_dispatch/middleware/templates/rescues/_request_and_response.html.erb (2.2ms)
  Rendered /Users/tech-camp/.rbenv/versions/2.5.1/lib/ruby/gems/2.5.0/gems/actionpack-5.0.7.2/lib/action_dispatch/middleware/templates/rescues/template_error.html.erb within rescues/layout (118.7ms)
Started GET "/" for ::1 at 2020-03-12 21:06:18 +0900
Processing by MessagesController#index as HTML
  Rendering messages/index.html.haml within layouts/application
  Rendered messages/_side_bar.html.haml (2.1ms)
  Rendered messages/index.html.haml within layouts/application (7.6ms)
Completed 500 Internal Server Error in 21ms (ActiveRecord: 0.0ms)


  
ActionView::Template::Error (The line was indented 2 levels deeper than the previous line.):
    1: .side-bar
    2: 
    3:   .side-bar__user-name
    4:       .side-bar__user-name--top-items
    5:         .side-bar__user-name--top-items__name
    6:         .side-bar__user-name--top-items__icons
    7: 
  
app/views/messages/_side_bar.html.haml:4
app/views/messages/index.html.haml:2:in `_app_views_messages_index_html_haml___1936640017393941194_70131937344160'
  Rendering /Users/tech-camp/.rbenv/versions/2.5.1/lib/ruby/gems/2.5.0/gems/actionpack-5.0.7.2/lib/action_dispatch/middleware/templates/rescues/template_error.html.erb within rescues/layout
  Rendering /Users/tech-camp/.rbenv/versions/2.5.1/lib/ruby/gems/2.5.0/gems/actionpack-5.0.7.2/lib/action_dispatch/middleware/templates/rescues/_source.html.erb
  Rendered /Users/tech-camp/.rbenv/versions/2.5.1/lib/ruby/gems/2.5.0/gems/actionpack-5.0.7.2/lib/action_dispatch/middleware/templates/rescues/_source.html.erb (4.4ms)
  Rendering /Users/tech-camp/.rbenv/versions/2.5.1/lib/ruby/gems/2.5.0/gems/actionpack-5.0.7.2/lib/action_dispatch/middleware/templates/rescues/_trace.html.erb
  Rendered /Users/tech-camp/.rbenv/versions/2.5.1/lib/ruby/gems/2.5.0/gems/actionpack-5.0.7.2/lib/action_dispatch/middleware/templates/rescues/_trace.html.erb (2.6ms)
  Rendering /Users/tech-camp/.rbenv/versions/2.5.1/lib/ruby/gems/2.5.0/gems/actionpack-5.0.7.2/lib/action_dispatch/middleware/templates/rescues/_request_and_response.html.erb
  Rendered /Users/tech-camp/.rbenv/versions/2.5.1/lib/ruby/gems/2.5.0/gems/actionpack-5.0.7.2/lib/action_dispatch/middleware/templates/rescues/_request_and_response.html.erb (0.9ms)
  Rendered /Users/tech-camp/.rbenv/versions/2.5.1/lib/ruby/gems/2.5.0/gems/actionpack-5.0.7.2/lib/action_dispatch/middleware/templates/rescues/template_error.html.erb within rescues/layout (89.1ms)
Started GET "/" for ::1 at 2020-03-12 21:10:38 +0900
Processing by MessagesController#index as HTML
  Rendering messages/index.html.haml within layouts/application
  Rendered messages/_side_bar.html.haml (10.8ms)
  Rendered messages/_main_chat.html.haml (8.1ms)
  Rendered messages/index.html.haml within layouts/application (42.9ms)
Completed 200 OK in 1473ms (Views: 1460.6ms | ActiveRecord: 0.0ms)


Started GET "/" for ::1 at 2020-03-12 21:13:29 +0900
Processing by MessagesController#index as HTML
  Rendering messages/index.html.haml within layouts/application
  Rendered messages/_side_bar.html.haml (5.8ms)
  Rendered messages/_main_chat.html.haml (4.6ms)
  Rendered messages/index.html.haml within layouts/application (18.8ms)
Completed 200 OK in 1113ms (Views: 1108.0ms | ActiveRecord: 0.0ms)


